INFO 2024-03-28 22:40:14,590 :114 - Logger initialized successfully.
INFO 2024-03-28 22:41:20,750 :115 - device: cpu
INFO 2024-03-28 22:54:54,431 - device: cpu
INFO 2024-03-28 23:30:56,267 - Epoch 1: loss =  0.99349
INFO 2024-03-31 11:09:32,241 - device: cpu
INFO 2024-03-31 11:17:28,236 - device: cpu
INFO 2024-04-01 00:10:28,811 - device: cpu
INFO 2024-04-07 20:52:07,337 - device: cuda
INFO 2024-04-07 20:52:40,072 - Epoch 1: loss =  0.27850, accuracy =  0.76423
WARNING 2024-04-07 20:52:40,987 - Clipping input data to the valid range for imshow with RGB data ([0..1] for floats or [0..255] for integers).
WARNING 2024-04-07 20:52:40,992 - Clipping input data to the valid range for imshow with RGB data ([0..1] for floats or [0..255] for integers).
WARNING 2024-04-07 20:52:40,996 - Clipping input data to the valid range for imshow with RGB data ([0..1] for floats or [0..255] for integers).
WARNING 2024-04-07 20:52:41,000 - Clipping input data to the valid range for imshow with RGB data ([0..1] for floats or [0..255] for integers).
WARNING 2024-04-07 20:52:41,005 - Clipping input data to the valid range for imshow with RGB data ([0..1] for floats or [0..255] for integers).
WARNING 2024-04-07 20:52:41,009 - Clipping input data to the valid range for imshow with RGB data ([0..1] for floats or [0..255] for integers).
WARNING 2024-04-07 20:52:41,013 - Clipping input data to the valid range for imshow with RGB data ([0..1] for floats or [0..255] for integers).
WARNING 2024-04-07 20:52:41,018 - Clipping input data to the valid range for imshow with RGB data ([0..1] for floats or [0..255] for integers).
WARNING 2024-04-07 20:52:41,022 - Clipping input data to the valid range for imshow with RGB data ([0..1] for floats or [0..255] for integers).
WARNING 2024-04-07 20:52:41,026 - Clipping input data to the valid range for imshow with RGB data ([0..1] for floats or [0..255] for integers).
WARNING 2024-04-07 20:52:41,030 - Clipping input data to the valid range for imshow with RGB data ([0..1] for floats or [0..255] for integers).
WARNING 2024-04-07 20:52:41,034 - Clipping input data to the valid range for imshow with RGB data ([0..1] for floats or [0..255] for integers).
WARNING 2024-04-07 20:52:41,038 - Clipping input data to the valid range for imshow with RGB data ([0..1] for floats or [0..255] for integers).
WARNING 2024-04-07 20:52:41,042 - Clipping input data to the valid range for imshow with RGB data ([0..1] for floats or [0..255] for integers).
WARNING 2024-04-07 20:52:41,047 - Clipping input data to the valid range for imshow with RGB data ([0..1] for floats or [0..255] for integers).
WARNING 2024-04-07 20:52:41,051 - Clipping input data to the valid range for imshow with RGB data ([0..1] for floats or [0..255] for integers).
INFO 2024-04-07 20:54:22,906 - device: cuda
INFO 2024-04-07 20:55:01,382 - Epoch 1: loss =  0.28132, accuracy =  0.76049
WARNING 2024-04-07 20:55:21,330 - Clipping input data to the valid range for imshow with RGB data ([0..1] for floats or [0..255] for integers).
WARNING 2024-04-07 20:55:21,335 - Clipping input data to the valid range for imshow with RGB data ([0..1] for floats or [0..255] for integers).
WARNING 2024-04-07 20:55:21,339 - Clipping input data to the valid range for imshow with RGB data ([0..1] for floats or [0..255] for integers).
WARNING 2024-04-07 20:55:21,343 - Clipping input data to the valid range for imshow with RGB data ([0..1] for floats or [0..255] for integers).
WARNING 2024-04-07 20:55:21,348 - Clipping input data to the valid range for imshow with RGB data ([0..1] for floats or [0..255] for integers).
WARNING 2024-04-07 20:55:21,352 - Clipping input data to the valid range for imshow with RGB data ([0..1] for floats or [0..255] for integers).
WARNING 2024-04-07 20:55:21,363 - Clipping input data to the valid range for imshow with RGB data ([0..1] for floats or [0..255] for integers).
WARNING 2024-04-07 20:55:21,367 - Clipping input data to the valid range for imshow with RGB data ([0..1] for floats or [0..255] for integers).
WARNING 2024-04-07 20:55:21,372 - Clipping input data to the valid range for imshow with RGB data ([0..1] for floats or [0..255] for integers).
WARNING 2024-04-07 20:55:21,376 - Clipping input data to the valid range for imshow with RGB data ([0..1] for floats or [0..255] for integers).
WARNING 2024-04-07 20:55:21,380 - Clipping input data to the valid range for imshow with RGB data ([0..1] for floats or [0..255] for integers).
WARNING 2024-04-07 20:55:21,384 - Clipping input data to the valid range for imshow with RGB data ([0..1] for floats or [0..255] for integers).
WARNING 2024-04-07 20:55:21,389 - Clipping input data to the valid range for imshow with RGB data ([0..1] for floats or [0..255] for integers).
WARNING 2024-04-07 20:55:21,393 - Clipping input data to the valid range for imshow with RGB data ([0..1] for floats or [0..255] for integers).
WARNING 2024-04-07 20:55:21,397 - Clipping input data to the valid range for imshow with RGB data ([0..1] for floats or [0..255] for integers).
WARNING 2024-04-07 20:55:21,402 - Clipping input data to the valid range for imshow with RGB data ([0..1] for floats or [0..255] for integers).
INFO 2024-04-07 20:56:10,831 - device: cuda
INFO 2024-04-07 20:56:52,334 - Epoch 1: loss =  0.27619, accuracy =  0.76470
WARNING 2024-04-07 20:57:08,474 - Clipping input data to the valid range for imshow with RGB data ([0..1] for floats or [0..255] for integers).
WARNING 2024-04-07 20:57:08,479 - Clipping input data to the valid range for imshow with RGB data ([0..1] for floats or [0..255] for integers).
WARNING 2024-04-07 20:57:08,483 - Clipping input data to the valid range for imshow with RGB data ([0..1] for floats or [0..255] for integers).
WARNING 2024-04-07 20:57:08,487 - Clipping input data to the valid range for imshow with RGB data ([0..1] for floats or [0..255] for integers).
WARNING 2024-04-07 20:57:08,491 - Clipping input data to the valid range for imshow with RGB data ([0..1] for floats or [0..255] for integers).
WARNING 2024-04-07 20:57:08,495 - Clipping input data to the valid range for imshow with RGB data ([0..1] for floats or [0..255] for integers).
WARNING 2024-04-07 20:57:08,500 - Clipping input data to the valid range for imshow with RGB data ([0..1] for floats or [0..255] for integers).
WARNING 2024-04-07 20:57:08,504 - Clipping input data to the valid range for imshow with RGB data ([0..1] for floats or [0..255] for integers).
WARNING 2024-04-07 20:57:08,508 - Clipping input data to the valid range for imshow with RGB data ([0..1] for floats or [0..255] for integers).
WARNING 2024-04-07 20:57:08,512 - Clipping input data to the valid range for imshow with RGB data ([0..1] for floats or [0..255] for integers).
WARNING 2024-04-07 20:57:08,516 - Clipping input data to the valid range for imshow with RGB data ([0..1] for floats or [0..255] for integers).
WARNING 2024-04-07 20:57:08,520 - Clipping input data to the valid range for imshow with RGB data ([0..1] for floats or [0..255] for integers).
WARNING 2024-04-07 20:57:08,524 - Clipping input data to the valid range for imshow with RGB data ([0..1] for floats or [0..255] for integers).
WARNING 2024-04-07 20:57:08,529 - Clipping input data to the valid range for imshow with RGB data ([0..1] for floats or [0..255] for integers).
WARNING 2024-04-07 20:57:08,533 - Clipping input data to the valid range for imshow with RGB data ([0..1] for floats or [0..255] for integers).
WARNING 2024-04-07 20:57:08,537 - Clipping input data to the valid range for imshow with RGB data ([0..1] for floats or [0..255] for integers).
INFO 2024-04-07 20:58:39,211 - device: cuda
INFO 2024-04-07 20:58:43,485 - Epoch 1: loss =  0.48427, accuracy =  0.58819
WARNING 2024-04-07 20:59:28,655 - Clipping input data to the valid range for imshow with RGB data ([0..1] for floats or [0..255] for integers).
WARNING 2024-04-07 20:59:38,804 - Clipping input data to the valid range for imshow with RGB data ([0..1] for floats or [0..255] for integers).
WARNING 2024-04-07 20:59:38,811 - Clipping input data to the valid range for imshow with RGB data ([0..1] for floats or [0..255] for integers).
WARNING 2024-04-07 20:59:38,815 - Clipping input data to the valid range for imshow with RGB data ([0..1] for floats or [0..255] for integers).
WARNING 2024-04-07 20:59:38,819 - Clipping input data to the valid range for imshow with RGB data ([0..1] for floats or [0..255] for integers).
WARNING 2024-04-07 20:59:38,824 - Clipping input data to the valid range for imshow with RGB data ([0..1] for floats or [0..255] for integers).
WARNING 2024-04-07 20:59:38,830 - Clipping input data to the valid range for imshow with RGB data ([0..1] for floats or [0..255] for integers).
WARNING 2024-04-07 20:59:38,834 - Clipping input data to the valid range for imshow with RGB data ([0..1] for floats or [0..255] for integers).
WARNING 2024-04-07 20:59:38,839 - Clipping input data to the valid range for imshow with RGB data ([0..1] for floats or [0..255] for integers).
WARNING 2024-04-07 20:59:38,843 - Clipping input data to the valid range for imshow with RGB data ([0..1] for floats or [0..255] for integers).
WARNING 2024-04-07 20:59:38,847 - Clipping input data to the valid range for imshow with RGB data ([0..1] for floats or [0..255] for integers).
WARNING 2024-04-07 20:59:38,851 - Clipping input data to the valid range for imshow with RGB data ([0..1] for floats or [0..255] for integers).
WARNING 2024-04-07 20:59:38,855 - Clipping input data to the valid range for imshow with RGB data ([0..1] for floats or [0..255] for integers).
WARNING 2024-04-07 20:59:38,859 - Clipping input data to the valid range for imshow with RGB data ([0..1] for floats or [0..255] for integers).
WARNING 2024-04-07 20:59:38,864 - Clipping input data to the valid range for imshow with RGB data ([0..1] for floats or [0..255] for integers).
WARNING 2024-04-07 20:59:38,868 - Clipping input data to the valid range for imshow with RGB data ([0..1] for floats or [0..255] for integers).
INFO 2024-04-07 21:01:02,549 - device: cuda
INFO 2024-04-07 21:01:06,521 - Epoch 1: loss =  0.48525, accuracy =  0.58230
INFO 2024-04-07 21:01:53,272 - device: cuda
INFO 2024-04-07 21:01:58,482 - Epoch 1: loss =  0.48453, accuracy =  0.58632
INFO 2024-04-07 21:03:44,186 - device: cuda
INFO 2024-04-07 21:04:17,339 - Epoch 1: loss =  0.28397, accuracy =  0.75712
INFO 2024-04-07 21:05:18,493 - device: cuda
INFO 2024-04-07 21:05:52,010 - Epoch 1: loss =  0.28481, accuracy =  0.75774
